
; 64tass Turbo Assembler Macro V1.58.2974? listing file
; 64tass -q -c -C -D "ZEROPAGE=\$30" -D "STORAGE=\$400" -Wall -L build/asm.lst -o build/asm.prg main.asm
; Wed Aug  9 19:20:47 2023

;Offset	;Hex		;Monitor	;Source

;******  Command line definitions

=$30					ZEROPAGE=$30
=$400					STORAGE=$400

;******  Processing input file: main.asm

.1000	4c b0 12	jmp $12b0			jmp 	Start

;******  Processing file: build/libassembler.asm

=80					AXMaxLineSize = 80
=16					AXMaxIdentSize = 16
.0400					AXLeft:
>0400							.fill 	3 							; the bytes are LSB, MSB, undefined flag (bit 7)
.0403					AXRight:
>0403							.fill 	3
.0406					AXProgramCounter:
>0406							.fill 	3
.0409					AXEvaluatePage:
>0409							.fill 	1
.040a					AXLabelBuffer:
>040a							.fill 	AXMaxIdentSize+1
.041b					AXStartFrame:
.041b					AXProgramCounterStart:
>041b							.fill 	3
.041e					AXBuffer:
>041e							.fill 	AXMaxLineSize+1
.046f					AXEndFrame:
=$01					AXERRSyntax = $01 							; general syntax error.
=$02					AXERRLabel = $02 							; label error - missing or too long.
.1003					AXBinaryMult:
.1003	ad 00 04	lda $0400			lda 	AXLeft 						; copy left to temp
.1006	8d 6f 04	sta $046f			sta 	AXMTemp
.1009	ad 01 04	lda $0401			lda 	AXLeft+1
.100c	8d 70 04	sta $0470			sta 	AXMTemp+1
.100f	9c 00 04	stz $0400			stz 	AXLeft	 					; zero left
.1012	9c 01 04	stz $0401			stz 	AXLeft+1
.1015					_AXMultLoop:
.1015	ad 6f 04	lda $046f			lda 	AXMTemp 					; bit 0 of old left set ?
.1018	29 01		and #$01			and 	#1
.101a	f0 03		beq $101f			beq 	_AXNoAdd
.101c	20 88 10	jsr $1088			jsr 	AXBinaryAdd					; add right to left
.101f					_AXNoAdd:
.101f	0e 03 04	asl $0403			asl 	AXRight 					; shift right left
.1022	2e 04 04	rol $0404			rol 	AXRight+1
.1025	4e 70 04	lsr $0470			lsr 	AXMTemp+1 					; shift old left right
.1028	6e 6f 04	ror $046f			ror 	AXMTemp
.102b	ad 6f 04	lda $046f			lda 	AXMTemp 					; loop back if old left still non-zero
.102e	0d 70 04	ora $0470			ora 	AXMTemp+1
.1031	d0 e2		bne $1015			bne 	_AXMultLoop
.1033	18		clc				clc
.1034	60		rts				rts
.046f					AXMTemp:
>046f							.fill 	2
.1035					AXShiftLeft:
.1035	a0 00		ldy #$00			ldy 	#0
.1037	80 02		bra $103b			bra 	AXShiftMain
.1039					AXShiftRight:
.1039	a0 ff		ldy #$ff			ldy 	#$FF
.103b					AXShiftMain:
.103b	ad 03 04	lda $0403			lda 	AXRight 					; if shift > 15 then zero
.103e	29 f0		and #$f0			and 	#$F0
.1040	0d 04 04	ora $0404			ora 	AXRight+1
.1043	f0 1e		beq $1063			beq 	_AXShiftZero
.1045	ad 03 04	lda $0403			lda 	AXRight 					; shift zero, exit as unchanged.
.1048	f0 1f		beq $1069			beq 	_AXExit
.104a					_AXShiftLoop:
.104a	c0 00		cpy #$00			cpy 	#0 							; shift depending on direction flag in Y
.104c	f0 08		beq $1056			beq 	_AXShiftLeft
.104e	4e 01 04	lsr $0401			lsr 	AXLeft+1
.1051	6e 00 04	ror $0400			ror 	AXLeft
.1054	80 06		bra $105c			bra 	_AXShiftNext
.1056					_AXShiftLeft:
.1056	0e 00 04	asl $0400			asl 	AXLeft
.1059	2e 01 04	rol $0401			rol 	AXLeft+1
.105c					_AXShiftNext:
.105c	ce 03 04	dec $0403			dec 	AXRight 					; do required # of times
.105f	d0 e9		bne $104a			bne 	_AXShiftLoop
.1061	18		clc				clc 								; exit okay.
.1062	60		rts				rts
.1063					_AXShiftZero:
.1063	9c 00 04	stz $0400			stz 	AXLeft
.1066	9c 01 04	stz $0401			stz 	AXLeft+1
.1069					_AXExit:
.1069	18		clc				clc
.106a	60		rts				rts
.106b					AXSwap:
.106b	48		pha				pha
.106c	da		phx				phx
.106d	ad 03 04	lda $0403			lda 	AXRight
.1070	ae 00 04	ldx $0400			ldx 	AXLeft
.1073	8d 00 04	sta $0400			sta 	AXLeft
.1076	8e 03 04	stx $0403			stx 	AXRight
.1079	ad 03 04	lda $0403			lda 	AXRight
.107c	ae 00 04	ldx $0400			ldx 	AXLeft
.107f	8d 00 04	sta $0400			sta 	AXLeft
.1082	8e 03 04	stx $0403			stx 	AXRight
.1085	fa		plx				plx
.1086	68		pla				pla
.1087	60		rts				rts
.1088					AXBinaryAdd:
.1088	18		clc				clc
.1089	ad 00 04	lda $0400			lda		AXLeft
.108c	6d 03 04	adc $0403			adc 		AXRight
.108f	8d 00 04	sta $0400			sta 	AXLeft
.1092	ad 01 04	lda $0401			lda		AXLeft+1
.1095	6d 04 04	adc $0404			adc 		AXRight+1
.1098	8d 01 04	sta $0401			sta 	AXLeft+1
.109b	18		clc				clc 								; no error.
.109c	60		rts				rts
.109d					AXBinarySub:
.109d	38		sec				sec
.109e	ad 00 04	lda $0400			lda		AXLeft
.10a1	ed 03 04	sbc $0403			sbc 		AXRight
.10a4	8d 00 04	sta $0400			sta 	AXLeft
.10a7	ad 01 04	lda $0401			lda		AXLeft+1
.10aa	ed 04 04	sbc $0404			sbc 		AXRight+1
.10ad	8d 01 04	sta $0401			sta 	AXLeft+1
.10b0	18		clc				clc 								; no error.
.10b1	60		rts				rts
.10b2					AXBinaryAnd:
.10b2	ad 00 04	lda $0400			lda		AXLeft
.10b5	2d 03 04	and $0403			and 		AXRight
.10b8	8d 00 04	sta $0400			sta 	AXLeft
.10bb	ad 01 04	lda $0401			lda		AXLeft+1
.10be	2d 04 04	and $0404			and 		AXRight+1
.10c1	8d 01 04	sta $0401			sta 	AXLeft+1
.10c4	18		clc				clc 								; no error.
.10c5	60		rts				rts
.10c6					AXBinaryOra:
.10c6	ad 00 04	lda $0400			lda		AXLeft
.10c9	0d 03 04	ora $0403			ora 		AXRight
.10cc	8d 00 04	sta $0400			sta 	AXLeft
.10cf	ad 01 04	lda $0401			lda		AXLeft+1
.10d2	0d 04 04	ora $0404			ora 		AXRight+1
.10d5	8d 01 04	sta $0401			sta 	AXLeft+1
.10d8	18		clc				clc 								; no error.
.10d9	60		rts				rts
.10da					AXBinaryEor:
.10da	ad 00 04	lda $0400			lda		AXLeft
.10dd	4d 03 04	eor $0403			eor 		AXRight
.10e0	8d 00 04	sta $0400			sta 	AXLeft
.10e3	ad 01 04	lda $0401			lda		AXLeft+1
.10e6	4d 04 04	eor $0404			eor 		AXRight+1
.10e9	8d 01 04	sta $0401			sta 	AXLeft+1
.10ec	18		clc				clc 								; no error.
.10ed	60		rts				rts
.10ee					AXBinaryNotEqual:
.10ee	20 da 10	jsr $10da			jsr 	AXBinaryEor
.10f1	ad 00 04	lda $0400			lda 	AXLeft
.10f4	4d 01 04	eor $0401			eor 	AXLeft+1
.10f7	f0 06		beq $10ff			beq 	_AXBEExit
.10f9	ce 00 04	dec $0400			dec 	AXLeft
.10fc	ce 01 04	dec $0401			dec 	AXLeft+1
.10ff					_AXBEExit:
.10ff	18		clc				clc
.1100	60		rts				rts
.1101					AXBinaryEqual:
.1101	20 ee 10	jsr $10ee			jsr 	AXBinaryNotEqual
.1104	ad 00 04	lda $0400			lda 	AXLeft
.1107	49 ff		eor #$ff			eor 	#$FF
.1109	8d 00 04	sta $0400			sta 	AXLeft
.110c	8d 01 04	sta $0401			sta 	AXLeft+1
.110f	18		clc				clc
.1110	60		rts				rts
.1111	bd 1e 04	lda $041e,x	AXTerm:	lda 	AXBuffer,x 					; remove any leading spaces.
.1114	e8		inx				inx
.1115	c9 20		cmp #$20			cmp 	#' '
.1117	f0 f8		beq $1111			beq 	AXTerm
.1119	ca		dex				dex
.111a	9c 02 04	stz $0402			stz 	AXLeft+2 					; clear the undefined flag & value
.111d	9c 00 04	stz $0400			stz 	AXLeft
.1120	9c 01 04	stz $0401			stz 	AXLeft+1
.1123	bd 1e 04	lda $041e,x			lda 	AXBuffer,x 					; get first character
.1126	a0 0a		ldy #$0a			ldy 	#10 						; default decimal if digit
.1128	20 87 12	jsr $1287			jsr 	AXIsNumeric 				; if digit numeric , then constant.
.112b	90 0d		bcc $113a			bcc 	_AXIsConstant
.112d	e8		inx				inx 								; temporarily consume base modifier
.112e	a0 10		ldy #$10			ldy 	#16 						; hex check.
.1130	c9 24		cmp #$24			cmp 	#"$"
.1132	f0 06		beq $113a			beq 	_AXIsConstant
.1134	a0 02		ldy #$02			ldy 	#2 							; binary check
.1136	c9 25		cmp #$25			cmp 	#"%"
.1138	d0 3d		bne $1177			bne 	_AXNotConstant
.113a					_AXIsConstant:
.113a	9c 71 04	stz $0471			stz 	AXDigitCount 				; clear count of digits
.113d	8c 72 04	sty $0472			sty 	AXBase 					; save base.
.1140					_AXConstantLoop:
.1140	bd 1e 04	lda $041e,x			lda 	AXBuffer,x 					; get the next character of the constant.
.1143	20 92 12	jsr $1292			jsr 	AXIsAlphaNumeric 			; must be 0-9A-Z
.1146	b0 25		bcs $116d			bcs 	_AXConstantDone 			; no, then end of constant.
.1148	c9 3a		cmp #$3a			cmp 	#"9"+1 						; shift A-Z so they follow 0-9.
.114a	90 02		bcc $114e			bcc 	_AXNotAlpha
.114c	e9 07		sbc #$07			sbc 	#7
.114e					_AXNotAlpha:
.114e	38		sec				sec 								; make it a digit 0..15
.114f	e9 30		sbc #$30			sbc 	#"0"
.1151	cd 72 04	cmp $0472			cmp 	AXBase 						; if higher than the base, then end of constant
.1154	b0 17		bcs $116d			bcs 	_AXConstantDone
.1156	e8		inx				inx 								; consume as legal.
.1157	ee 71 04	inc $0471			inc 	AXDigitCount 				; bump consumed count.
.115a	48		pha				pha 								; save the new digit.
.115b	20 fd 11	jsr $11fd			jsr 	_AXMultiplyBase 			; multiply left by base.
.115e	68		pla				pla 								; add new digit
.115f	18		clc				clc
.1160	6d 00 04	adc $0400			adc 	AXLeft
.1163	8d 00 04	sta $0400			sta 	AXLeft
.1166	90 d8		bcc $1140			bcc 	_AXConstantLoop
.1168	ee 01 04	inc $0401			inc 	AXLeft+1
.116b	80 d3		bra $1140			bra 	_AXConstantLoop
.116d					_AXConstantDone:
.116d	18		clc				clc
.116e	ad 71 04	lda $0471			lda		AXDigitCount 				; exit okay if a digit received
.1171	d0 03		bne $1176			bne 	_AXCExit
.1173	38		sec				sec 								; return error-syntax
.1174	a9 01		lda #$01			lda 	#AXERRSyntax
.1176					_AXCExit:
.1176	60		rts				rts
.1177					_AXNotConstant:
.1177	c9 2d		cmp #$2d			cmp 	#"-"						; check for negation.
.1179	f0 6a		beq $11e5			beq 	_AXNegate
.117b	c9 3c		cmp #$3c			cmp 	#"<"						; low byte
.117d	f0 5d		beq $11dc			beq 	_AXLowByte
.117f	c9 3e		cmp #$3e			cmp 	#">"						; high byte
.1181	f0 4a		beq $11cd			beq 	_AXHighByte
.1183	c9 2a		cmp #$2a			cmp 	#"*" 						; start of instruction
.1185	f0 38		beq $11bf			beq 	_AXProgramCounter
.1187	c9 27		cmp #$27			cmp 	#"'" 						; character code
.1189	f0 0e		beq $1199			beq 	_AXCharacter
.118b	c9 40		cmp #$40			cmp 	#"@"						; label page
.118d	f0 20		beq $11af			beq 	_AXLabelPage
.118f	20 98 12	jsr $1298			jsr 	AXIsIdentifierHead 			; identifier start character
.1192	b0 17		bcs $11ab			bcs 	_AXCFail
.1194	ca		dex				dex 								; back to first character.
.1195	20 32 12	jsr $1232			jsr 	AXEvaluateLabel 			; consume and evaluate a label.
.1198	60		rts				rts
.1199					_AXCharacter:
.1199	bd 1e 04	lda $041e,x			lda 	AXBuffer,x 					; get the character code.
.119c	f0 0d		beq $11ab			beq 	_AXCFail 					; can't be EOS.
.119e	8d 00 04	sta $0400			sta 	AXLeft
.11a1	bd 1f 04	lda $041f,x			lda 	AXBuffer+1,x 				; get the character after and consume both
.11a4	e8		inx				inx
.11a5	e8		inx				inx
.11a6	c9 27		cmp #$27			cmp 	#"'"						; okay if '
.11a8	18		clc				clc
.11a9	f0 51		beq $11fc			beq 	_AXNExit
.11ab					_AXCFail:
.11ab	38		sec				sec
.11ac	a9 01		lda #$01			lda 	#AXERRSyntax
.11ae	60		rts				rts
.11af					_AXLabelPage:
.11af	20 32 12	jsr $1232			jsr 	AXEvaluateLabel 			; consume and evaluate a label.
.11b2	b0 0a		bcs $11be			bcs 	_AXLPExit 					; something failed, probably no label.
.11b4	ad 09 04	lda $0409			lda 	AXEvaluatePage 				; copy page #
.11b7	8d 00 04	sta $0400			sta 	AXLeft
.11ba	9c 01 04	stz $0401			stz 	AXLeft+1
.11bd	18		clc				clc
.11be					_AXLPExit:
.11be	60		rts				rts
.11bf					_AXProgramCounter:
.11bf	ad 1b 04	lda $041b			lda 	AXProgramCounterStart
.11c2	8d 00 04	sta $0400			sta 	AXLeft
.11c5	ad 1c 04	lda $041c			lda 	AXProgramCounterStart+1
.11c8	8d 01 04	sta $0401			sta 	AXLeft+1
.11cb	18		clc				clc
.11cc	60		rts				rts
.11cd					_AXHighByte:
.11cd	20 11 11	jsr $1111			jsr 	AXTerm
.11d0	b0 2a		bcs $11fc			bcs 	_AXNExit
.11d2	ad 01 04	lda $0401			lda 	AXLeft+1
.11d5	8d 00 04	sta $0400			sta 	AXLeft
.11d8	9c 01 04	stz $0401			stz 	AXLeft+1
.11db	60		rts				rts
.11dc					_AXLowByte:
.11dc	20 11 11	jsr $1111			jsr 	AXTerm
.11df	b0 1b		bcs $11fc			bcs 	_AXNExit
.11e1	9c 01 04	stz $0401			stz 	AXLeft+1
.11e4	60		rts				rts
.11e5					_AXNegate:
.11e5	20 11 11	jsr $1111			jsr 	AXTerm						; get term
.11e8	b0 12		bcs $11fc			bcs 	_AXNExit
.11ea	38		sec				sec
.11eb	a9 00		lda #$00			lda 	#0
.11ed	ed 00 04	sbc $0400			sbc 	AXLeft
.11f0	8d 00 04	sta $0400			sta 	AXLeft
.11f3	a9 00		lda #$00			lda 	#0
.11f5	ed 01 04	sbc $0401			sbc 	AXLeft+1
.11f8	8d 01 04	sta $0401			sta 	AXLeft+1
.11fb	18		clc				clc 								; success.
.11fc					_AXNExit:
.11fc	60		rts				rts
.11fd					_AXMultiplyBase:
.11fd	c0 02		cpy #$02			cpy 	#2 							; if binary then exit.
.11ff	f0 2a		beq $122b			beq 	_AXMDouble
.1201	c0 10		cpy #$10			cpy 	#16 						; if hexadecimal
.1203	f0 1d		beq $1222			beq 	_AXMMultiply16
.1205	ad 01 04	lda $0401			lda 	AXLeft+1 					; keep original value.
.1208	48		pha				pha
.1209	ad 00 04	lda $0400			lda 	AXLeft
.120c	20 2b 12	jsr $122b			jsr 	_AXMDouble 					; x 2
.120f	20 2b 12	jsr $122b			jsr 	_AXMDouble 					; x 4
.1212	18		clc				clc
.1213	6d 00 04	adc $0400			adc 	AXLeft 						; add original value, e.g. x 5
.1216	8d 00 04	sta $0400			sta 	AXLeft
.1219	68		pla				pla
.121a	6d 01 04	adc $0401			adc 	AXLeft+1
.121d	8d 01 04	sta $0401			sta 	AXLeft+1
.1220	80 09		bra $122b			bra 	_AXMDouble 					; double to x10
.1222					_AXMMultiply16:
.1222	20 2b 12	jsr $122b			jsr 	_AXMDouble 					; x 2
.1225	20 2b 12	jsr $122b			jsr 	_AXMDouble 					; x 4
.1228	20 2b 12	jsr $122b			jsr 	_AXMDouble 					; x 8, fall through to x 16
.122b					_AXMDouble:
.122b	0e 00 04	asl $0400			asl 	AXLeft 						; everyone does left.
.122e	2e 01 04	rol $0401			rol 	AXLeft+1
.1231					_AXMExit:
.1231	60		rts				rts
.1232					AXEvaluateLabel:
.1232	20 4b 12	jsr $124b			jsr 	AXExtractLabel 				; get a label.
.1235	b0 13		bcs $124a			bcs 	_AXEExit 					; we couldn't.
.1237	a9 a9		lda #$a9			lda 	#$A9
.1239	8d 00 04	sta $0400			sta 	AXLeft
.123c	a9 44		lda #$44			lda 	#$44
.123e	8d 01 04	sta $0401			sta 	AXLeft+1
.1241	9c 02 04	stz $0402			stz 	AXLeft+2
.1244	a9 04		lda #$04			lda 	#4 							; page of evaluated label
.1246	8d 09 04	sta $0409			sta 	AXEvaluatePage
.1249	18		clc				clc
.124a					_AXEExit:
.124a	60		rts				rts
.124b					AXExtractLabel:
.124b	bd 1e 04	lda $041e,x			lda 	AXBuffer,x 					; check the first character.
.124e	20 98 12	jsr $1298			jsr 	AXIsIdentifierHead
.1251	b0 1a		bcs $126d			bcs 	_AXELFail
.1253	a0 00		ldy #$00			ldy 	#0 							; save position.
.1255					_AXELLoop:
.1255	99 0a 04	sta $040a,y			sta 	AXLabelBuffer,y 			; save in buffer, bump position
.1258	c8		iny				iny
.1259	c0 11		cpy #$11			cpy 	#AXMaxIdentSize+1 			; too long
.125b	f0 10		beq $126d			beq 	_AXELFail
.125d	e8		inx				inx 								; consume character
.125e	a9 00		lda #$00			lda 	#0 							; make ASCIIZ.
.1260	99 0a 04	sta $040a,y			sta 	AXLabelBuffer,y
.1263	bd 1e 04	lda $041e,x			lda 	AXBuffer,x 					; get the next caracter.
.1266	20 aa 12	jsr $12aa			jsr 	AXIsIdentifierBody 			; is it a body character
.1269	90 ea		bcc $1255			bcc 	_AXELLoop 					; if so add it to the label.
.126b	18		clc				clc 								; successfully acquired a label.
.126c	60		rts				rts
.126d					_AXELFail:
.126d	a9 02		lda #$02			lda 	#AXERRLabel 				; bad label.
.126f	38		sec				sec
.1270	60		rts				rts
.0471					AXDigitCount:
>0471							.fill 	1
.0472					AXBase:
>0472							.fill 	1
.1271					AXConvertUpper:
.1271	c9 61		cmp #$61			cmp 	#"a"
.1273	90 06		bcc $127b			bcc 	_AXCNotUpper
.1275	c9 7b		cmp #$7b			cmp 	#"z"+1
.1277	b0 02		bcs $127b			bcs 	_AXCNotUpper
.1279	49 20		eor #$20			eor 	#$20
.127b					_AXCNotUpper:
.127b	60		rts				rts
.127c					AXIsAlpha:
.127c	c9 41		cmp #$41			cmp 	#"A"
.127e	90 05		bcc $1285			bcc 	_AXNotAlpha
.1280	c9 5b		cmp #$5b			cmp 	#"Z"+1
.1282	b0 01		bcs $1285			bcs 	_AXNotAlpha
.1284	60		rts				rts
.1285					_AXNotAlpha:
.1285	38		sec				sec
.1286	60		rts				rts
.1287					AXIsNumeric:
.1287	c9 30		cmp #$30			cmp 	#"0"
.1289	90 05		bcc $1290			bcc 	_AXNotDigit
.128b	c9 3a		cmp #$3a			cmp 	#"9"+1
.128d	b0 01		bcs $1290			bcs 	_AXNotDigit
.128f	60		rts				rts
.1290					_AXNotDigit:
.1290	38		sec				sec
.1291	60		rts				rts
.1292					AXIsAlphaNumeric:
.1292	20 7c 12	jsr $127c			jsr 	AXIsAlpha 					; if alpha then exit with yes
.1295	b0 f0		bcs $1287			bcs 	AXIsNumeric 				; no, depends on is numeric
.1297	60		rts				rts
.1298					AXIsIdentifierHead:
.1298	20 7c 12	jsr $127c			jsr 	AXIsAlpha
.129b	b0 01		bcs $129e			bcs 	AXCheckIdentifierMisc
.129d	60		rts				rts
.129e					AXCheckIdentifierMisc:
.129e	c9 5f		cmp #$5f			cmp 	#"_"
.12a0	f0 06		beq $12a8			beq 	_AXIsIdentB
.12a2	c9 2e		cmp #$2e			cmp 	#"."
.12a4	f0 02		beq $12a8			beq 	_AXIsIdentB
.12a6	38		sec				sec
.12a7	60		rts				rts
.12a8					_AXIsIdentB:
.12a8	18		clc				clc
.12a9	60		rts				rts
.12aa					AXIsIdentifierBody:
.12aa	20 92 12	jsr $1292			jsr 	AXIsAlphaNumeric
.12ad	b0 ef		bcs $129e			bcs 	AXCheckIdentifierMisc
.12af	60		rts				rts

;******  Return to file: main.asm

.12b0	a2 ff		ldx #$ff	Start:	ldx 	#$FF
.12b2	9a		txs				txs
.12b3	a2 00		ldx #$00			ldx 	#0
.12b5					_Copy1:
.12b5	bd e8 12	lda $12e8,x			lda 	test,x
.12b8	20 71 12	jsr $1271			jsr 	AXConvertUpper
.12bb	9d 1e 04	sta $041e,x			sta 	AXBuffer,x
.12be	e8		inx				inx
.12bf	c9 00		cmp #$00			cmp 	#0
.12c1	d0 f2		bne $12b5			bne 	_Copy1
.12c3	9c 06 04	stz $0406			stz 	AXProgramCounter
.12c6	9c 1b 04	stz $041b			stz 	AXProgramCounterStart
.12c9	a9 80		lda #$80			lda 	#$80
.12cb	8d 07 04	sta $0407			sta 	AXProgramCounter+1
.12ce	8d 1c 04	sta $041c			sta 	AXProgramCounterStart+1
.12d1	9c 08 04	stz $0408			stz 	AXProgramCounter+2
.12d4	9c 1d 04	stz $041d			stz 	AXProgramCounterStart+2
.12d7	a2 00		ldx #$00			ldx 	#0
.12d9	20 11 11	jsr $1111			jsr 	AXTerm
.12dc	b0 09		bcs $12e7			bcs 	_Bad
.12de	ad 02 04	lda $0402			lda 	AXLeft+2
.12e1	ae 00 04	ldx $0400			ldx 	AXLeft
.12e4	ac 01 04	ldy $0401			ldy 	AXLeft+1
.12e7					_Bad:
>12e7	db						.byte 	$DB
>12e8	2e 43 4f 55 4e 54 2b 34		test:	.text 	".COUNT+4",0
>12f0	00

;******  End of listing
